<?xml version="1.0" encoding="UTF-8"?>
<testsuite xmlns:xsi="http://www.w3.org/2001/XMLSchema-instance" xsi:noNamespaceSchemaLocation="https://maven.apache.org/surefire/maven-surefire-plugin/xsd/surefire-test-report.xsd" name="noughts.PlayTest" time="0.035" tests="5" errors="0" skipped="0" failures="0">
  <properties>
[...]
</properties>
  <testcase name="testCheckTie" classname="noughts.PlayTest" time="0.017"/>
  <testcase name="testCheckWin" classname="noughts.PlayTest" time="0.001"/>
  <testcase name="testCenterStrategy" classname="noughts.PlayTest" time="0.004"/>
  <testcase name="testCheckComputerWinDiagonal" classname="noughts.PlayTest" time="0"/>
  <testcase name="testCheckComputerWinRows" classname="noughts.PlayTest" time="0"/>
</testsuite>